<?xml version="1.0" encoding="UTF-8"?>
<!-- Generated by org.testng.reporters.JUnitReportReporter -->
<testsuite hostname="Bis-PC" name="main.java.tests.HMTest" tests="5" failures="0" timestamp="24 Feb 2016 22:47:45 GMT" time="26.041" errors="0">
  <testcase name="viewShirtTest" time="2.675" classname="main.java.tests.HMTest"/>
  <testcase name="performSearchTest" time="7.825" classname="main.java.tests.HMTest"/>
  <testcase name="buyItemTest" time="12.061" classname="main.java.tests.HMTest"/>
  <testcase name="checkBasket" time="0.919" classname="main.java.tests.HMTest"/>
  <testcase name="loginTest" time="2.561" classname="main.java.tests.HMTest"/>
</testsuite> <!-- main.java.tests.HMTest -->
